<?xml version="1.0" encoding="UTF-8"?>
<coverage generated="1506720212035" clover="3.2.0">
  <project timestamp="1506720212035" name="All files">
    <metrics statements="100" coveredstatements="100" conditionals="22" coveredconditionals="22" methods="23" coveredmethods="23" elements="145" coveredelements="145" complexity="0" loc="100" ncloc="100" packages="4" files="8" classes="8">
      <package name="js.components">
        <metrics statements="25" coveredstatements="25" conditionals="0" coveredconditionals="0" methods="6" coveredmethods="6"/>
        <file name="calendar.js" path="/Users/sandino/github/repos/dentalink-code-test/js/components/calendar.js">
          <metrics statements="5" coveredstatements="5" conditionals="0" coveredconditionals="0" methods="1" coveredmethods="1"/>
          <line num="7" count="1" type="stmt"/>
          <line num="8" count="1" type="stmt"/>
          <line num="9" count="1" type="stmt"/>
          <line num="11" count="1" type="stmt"/>
          <line num="38" count="1" type="stmt"/>
        </file>
        <file name="day.js" path="/Users/sandino/github/repos/dentalink-code-test/js/components/day.js">
          <metrics statements="7" coveredstatements="7" conditionals="0" coveredconditionals="0" methods="2" coveredmethods="2"/>
          <line num="7" count="2" type="stmt"/>
          <line num="8" count="1" type="stmt"/>
          <line num="9" count="1" type="stmt"/>
          <line num="11" count="1" type="stmt"/>
          <line num="13" count="3" type="stmt"/>
          <line num="14" count="3" type="stmt"/>
          <line num="19" count="2" type="stmt"/>
        </file>
        <file name="event.js" path="/Users/sandino/github/repos/dentalink-code-test/js/components/event.js">
          <metrics statements="7" coveredstatements="7" conditionals="0" coveredconditionals="0" methods="1" coveredmethods="1"/>
          <line num="5" count="4" type="stmt"/>
          <line num="6" count="1" type="stmt"/>
          <line num="7" count="1" type="stmt"/>
          <line num="8" count="1" type="stmt"/>
          <line num="10" count="1" type="stmt"/>
          <line num="17" count="1" type="stmt"/>
          <line num="25" count="4" type="stmt"/>
        </file>
        <file name="eventgroup.js" path="/Users/sandino/github/repos/dentalink-code-test/js/components/eventgroup.js">
          <metrics statements="6" coveredstatements="6" conditionals="0" coveredconditionals="0" methods="2" coveredmethods="2"/>
          <line num="6" count="3" type="stmt"/>
          <line num="7" count="1" type="stmt"/>
          <line num="8" count="1" type="stmt"/>
          <line num="10" count="1" type="stmt"/>
          <line num="12" count="5" type="stmt"/>
          <line num="17" count="3" type="stmt"/>
        </file>
      </package>
      <package name="js.lib">
        <metrics statements="2" coveredstatements="2" conditionals="0" coveredconditionals="0" methods="0" coveredmethods="0"/>
        <file name="PropTypesValues.js" path="/Users/sandino/github/repos/dentalink-code-test/js/lib/PropTypesValues.js">
          <metrics statements="1" coveredstatements="1" conditionals="0" coveredconditionals="0" methods="0" coveredmethods="0"/>
          <line num="4" count="4" type="stmt"/>
        </file>
        <file name="variables.js" path="/Users/sandino/github/repos/dentalink-code-test/js/lib/variables.js">
          <metrics statements="1" coveredstatements="1" conditionals="0" coveredconditionals="0" methods="0" coveredmethods="0"/>
          <line num="2" count="4" type="stmt"/>
        </file>
      </package>
      <package name="js.utils">
        <metrics statements="72" coveredstatements="72" conditionals="22" coveredconditionals="22" methods="17" coveredmethods="17"/>
        <file name="calendar.js" path="/Users/sandino/github/repos/dentalink-code-test/js/utils/calendar.js">
          <metrics statements="72" coveredstatements="72" conditionals="22" coveredconditionals="22" methods="17" coveredmethods="17"/>
          <line num="10" count="4" type="stmt"/>
          <line num="11" count="4" type="stmt"/>
          <line num="13" count="4" type="stmt"/>
          <line num="14" count="31" type="stmt"/>
          <line num="15" count="31" type="stmt"/>
          <line num="17" count="31" type="stmt"/>
          <line num="18" count="31" type="stmt"/>
          <line num="19" count="31" type="stmt"/>
          <line num="21" count="31" type="stmt"/>
          <line num="23" count="31" type="stmt"/>
          <line num="25" count="31" type="stmt"/>
          <line num="26" count="31" type="stmt"/>
          <line num="29" count="4" type="stmt"/>
          <line num="37" count="4" type="stmt"/>
          <line num="38" count="4" type="stmt"/>
          <line num="39" count="4" type="cond" truecount="2" falsecount="0"/>
          <line num="41" count="4" type="stmt"/>
          <line num="43" count="4" type="stmt"/>
          <line num="44" count="6" type="stmt"/>
          <line num="45" count="12" type="stmt"/>
          <line num="46" count="12" type="stmt"/>
          <line num="47" count="12" type="stmt"/>
          <line num="48" count="12" type="stmt"/>
          <line num="52" count="4" type="stmt"/>
          <line num="62" count="4" type="stmt"/>
          <line num="63" count="245" type="stmt"/>
          <line num="65" count="210" type="cond" truecount="4" falsecount="0"/>
          <line num="67" count="48" type="stmt"/>
          <line num="69" count="162" type="stmt"/>
          <line num="72" count="35" type="stmt"/>
          <line num="82" count="4" type="stmt"/>
          <line num="83" count="5" type="stmt"/>
          <line num="84" count="35" type="stmt"/>
          <line num="85" count="35" type="stmt"/>
          <line num="87" count="35" type="stmt"/>
          <line num="88" count="65" type="stmt"/>
          <line num="91" count="35" type="cond" truecount="2" falsecount="0"/>
          <line num="92" count="19" type="stmt"/>
          <line num="94" count="35" type="stmt"/>
          <line num="97" count="5" type="stmt"/>
          <line num="106" count="4" type="stmt"/>
          <line num="107" count="10" type="stmt"/>
          <line num="108" count="7" type="stmt"/>
          <line num="117" count="4" type="stmt"/>
          <line num="118" count="18" type="cond" truecount="4" falsecount="0"/>
          <line num="120" count="15" type="stmt"/>
          <line num="122" count="3" type="stmt"/>
          <line num="131" count="4" type="stmt"/>
          <line num="132" count="36" type="stmt"/>
          <line num="133" count="36" type="stmt"/>
          <line num="134" count="29" type="stmt"/>
          <line num="135" count="29" type="cond" truecount="2" falsecount="0"/>
          <line num="138" count="18" type="stmt"/>
          <line num="177" count="4" type="stmt"/>
          <line num="178" count="9" type="stmt"/>
          <line num="180" count="9" type="stmt"/>
          <line num="181" count="21" type="stmt"/>
          <line num="182" count="21" type="stmt"/>
          <line num="184" count="21" type="stmt"/>
          <line num="185" count="36" type="stmt"/>
          <line num="187" count="36" type="cond" truecount="2" falsecount="0"/>
          <line num="189" count="18" type="cond" truecount="2" falsecount="0"/>
          <line num="190" count="18" type="stmt"/>
          <line num="191" count="18" type="stmt"/>
          <line num="193" count="18" type="stmt"/>
          <line num="194" count="18" type="cond" truecount="2" falsecount="0"/>
          <line num="196" count="3" type="cond" truecount="2" falsecount="0"/>
          <line num="197" count="3" type="stmt"/>
          <line num="198" count="3" type="stmt"/>
          <line num="202" count="36" type="stmt"/>
          <line num="204" count="21" type="stmt"/>
          <line num="207" count="9" type="stmt"/>
        </file>
      </package>
      <package name="tests">
        <metrics statements="1" coveredstatements="1" conditionals="0" coveredconditionals="0" methods="0" coveredmethods="0"/>
        <file name="setup.js" path="/Users/sandino/github/repos/dentalink-code-test/tests/setup.js">
          <metrics statements="1" coveredstatements="1" conditionals="0" coveredconditionals="0" methods="0" coveredmethods="0"/>
          <line num="4" count="5" type="stmt"/>
        </file>
      </package>
    </metrics>
  </project>
</coverage>
