{"/Users/sandino/github/repos/dentalink-code-test/js/components/calendar.js": {"path":"/Users/sandino/github/repos/dentalink-code-test/js/components/calendar.js","statementMap":{"0":{"start":{"line":7,"column":17},"end":{"line":36,"column":1}},"1":{"start":{"line":8,"column":21},"end":{"line":8,"column":26}},"2":{"start":{"line":9,"column":22},"end":{"line":9,"column":46}},"3":{"start":{"line":11,"column":2},"end":{"line":35,"column":10}},"4":{"start":{"line":38,"column":0},"end":{"line":42,"column":2}}},"fnMap":{"0":{"name":"(anonymous_0)","decl":{"start":{"line":7,"column":17},"end":{"line":7,"column":18}},"loc":{"start":{"line":7,"column":28},"end":{"line":36,"column":1}},"line":7}},"branchMap":{},"s":{"0":1,"1":1,"2":1,"3":1,"4":1},"f":{"0":1},"b":{},"_coverageSchema":"332fd63041d2c1bcb487cc26dd0d5f7d97098a6c","hash":"d11434f27546b242b965bded730e2bd5a59fa138"}
,"/Users/sandino/github/repos/dentalink-code-test/js/components/day.js": {"path":"/Users/sandino/github/repos/dentalink-code-test/js/components/day.js","statementMap":{"0":{"start":{"line":7,"column":12},"end":{"line":17,"column":1}},"1":{"start":{"line":8,"column":21},"end":{"line":8,"column":26}},"2":{"start":{"line":9,"column":23},"end":{"line":9,"column":56}},"3":{"start":{"line":11,"column":2},"end":{"line":16,"column":10}},"4":{"start":{"line":13,"column":31},"end":{"line":13,"column":70}},"5":{"start":{"line":14,"column":6},"end":{"line":14,"column":87}},"6":{"start":{"line":19,"column":0},"end":{"line":21,"column":2}}},"fnMap":{"0":{"name":"(anonymous_0)","decl":{"start":{"line":7,"column":12},"end":{"line":7,"column":13}},"loc":{"start":{"line":7,"column":23},"end":{"line":17,"column":1}},"line":7},"1":{"name":"(anonymous_1)","decl":{"start":{"line":12,"column":22},"end":{"line":12,"column":23}},"loc":{"start":{"line":12,"column":36},"end":{"line":15,"column":5}},"line":12}},"branchMap":{},"s":{"0":2,"1":1,"2":1,"3":1,"4":3,"5":3,"6":2},"f":{"0":1,"1":3},"b":{},"_coverageSchema":"332fd63041d2c1bcb487cc26dd0d5f7d97098a6c","hash":"9ad5d84ccf0aacc83716fcbe789b2830ce3cbbbf"}
,"/Users/sandino/github/repos/dentalink-code-test/js/components/event.js": {"path":"/Users/sandino/github/repos/dentalink-code-test/js/components/event.js","statementMap":{"0":{"start":{"line":5,"column":14},"end":{"line":23,"column":1}},"1":{"start":{"line":6,"column":19},"end":{"line":6,"column":24}},"2":{"start":{"line":7,"column":20},"end":{"line":7,"column":57}},"3":{"start":{"line":8,"column":18},"end":{"line":8,"column":53}},"4":{"start":{"line":10,"column":21},"end":{"line":15,"column":3}},"5":{"start":{"line":17,"column":2},"end":{"line":22,"column":12}},"6":{"start":{"line":25,"column":0},"end":{"line":27,"column":2}}},"fnMap":{"0":{"name":"(anonymous_0)","decl":{"start":{"line":5,"column":14},"end":{"line":5,"column":15}},"loc":{"start":{"line":5,"column":25},"end":{"line":23,"column":1}},"line":5}},"branchMap":{},"s":{"0":4,"1":1,"2":1,"3":1,"4":1,"5":1,"6":4},"f":{"0":1},"b":{},"_coverageSchema":"332fd63041d2c1bcb487cc26dd0d5f7d97098a6c","hash":"1176565cbb879b1dd9725f535da9ce072b64376b"}
,"/Users/sandino/github/repos/dentalink-code-test/js/components/eventgroup.js": {"path":"/Users/sandino/github/repos/dentalink-code-test/js/components/eventgroup.js","statementMap":{"0":{"start":{"line":6,"column":19},"end":{"line":15,"column":1}},"1":{"start":{"line":7,"column":31},"end":{"line":7,"column":36}},"2":{"start":{"line":8,"column":30},"end":{"line":8,"column":79}},"3":{"start":{"line":10,"column":2},"end":{"line":14,"column":10}},"4":{"start":{"line":12,"column":6},"end":{"line":12,"column":45}},"5":{"start":{"line":17,"column":0},"end":{"line":19,"column":2}}},"fnMap":{"0":{"name":"(anonymous_0)","decl":{"start":{"line":6,"column":19},"end":{"line":6,"column":20}},"loc":{"start":{"line":6,"column":30},"end":{"line":15,"column":1}},"line":6},"1":{"name":"(anonymous_1)","decl":{"start":{"line":11,"column":29},"end":{"line":11,"column":30}},"loc":{"start":{"line":12,"column":6},"end":{"line":12,"column":45}},"line":12}},"branchMap":{},"s":{"0":3,"1":1,"2":1,"3":1,"4":5,"5":3},"f":{"0":1,"1":5},"b":{},"_coverageSchema":"332fd63041d2c1bcb487cc26dd0d5f7d97098a6c","hash":"dde2fc1ea8a512e087b1b65cee717f7bb28c592d"}
,"/Users/sandino/github/repos/dentalink-code-test/js/lib/PropTypesValues.js": {"path":"/Users/sandino/github/repos/dentalink-code-test/js/lib/PropTypesValues.js","statementMap":{"0":{"start":{"line":4,"column":22},"end":{"line":10,"column":2}}},"fnMap":{},"branchMap":{},"s":{"0":4},"f":{},"b":{},"_coverageSchema":"332fd63041d2c1bcb487cc26dd0d5f7d97098a6c","hash":"100766e7162a25fe228fbffe131c86a03711d302"}
,"/Users/sandino/github/repos/dentalink-code-test/js/lib/variables.js": {"path":"/Users/sandino/github/repos/dentalink-code-test/js/lib/variables.js","statementMap":{"0":{"start":{"line":2,"column":18},"end":{"line":6,"column":1}}},"fnMap":{},"branchMap":{},"s":{"0":4},"f":{},"b":{},"_coverageSchema":"332fd63041d2c1bcb487cc26dd0d5f7d97098a6c","hash":"c78310424a31080aa5824b5226cfb44b01d797bf"}
,"/Users/sandino/github/repos/dentalink-code-test/js/utils/calendar.js": {"path":"/Users/sandino/github/repos/dentalink-code-test/js/utils/calendar.js","statementMap":{"0":{"start":{"line":10,"column":25},"end":{"line":30,"column":1}},"1":{"start":{"line":11,"column":22},"end":{"line":11,"column":73}},"2":{"start":{"line":13,"column":2},"end":{"line":27,"column":5}},"3":{"start":{"line":14,"column":22},"end":{"line":14,"column":44}},"4":{"start":{"line":15,"column":20},"end":{"line":15,"column":40}},"5":{"start":{"line":17,"column":16},"end":{"line":17,"column":31}},"6":{"start":{"line":18,"column":21},"end":{"line":18,"column":61}},"7":{"start":{"line":19,"column":18},"end":{"line":19,"column":36}},"8":{"start":{"line":21,"column":19},"end":{"line":21,"column":52}},"9":{"start":{"line":23,"column":16},"end":{"line":23,"column":106}},"10":{"start":{"line":25,"column":30},"end":{"line":25,"column":67}},"11":{"start":{"line":26,"column":4},"end":{"line":26,"column":45}},"12":{"start":{"line":29,"column":2},"end":{"line":29,"column":21}},"13":{"start":{"line":37,"column":40},"end":{"line":53,"column":1}},"14":{"start":{"line":38,"column":30},"end":{"line":38,"column":73}},"15":{"start":{"line":39,"column":16},"end":{"line":39,"column":77}},"16":{"start":{"line":41,"column":30},"end":{"line":41,"column":32}},"17":{"start":{"line":43,"column":2},"end":{"line":50,"column":5}},"18":{"start":{"line":44,"column":4},"end":{"line":49,"column":7}},"19":{"start":{"line":45,"column":19},"end":{"line":45,"column":33}},"20":{"start":{"line":46,"column":32},"end":{"line":46,"column":69}},"21":{"start":{"line":47,"column":6},"end":{"line":47,"column":50}},"22":{"start":{"line":48,"column":6},"end":{"line":48,"column":31}},"23":{"start":{"line":52,"column":2},"end":{"line":52,"column":29}},"24":{"start":{"line":62,"column":28},"end":{"line":73,"column":1}},"25":{"start":{"line":63,"column":27},"end":{"line":70,"column":4}},"26":{"start":{"line":63,"column":59},"end":{"line":63,"column":91}},"27":{"start":{"line":65,"column":4},"end":{"line":68,"column":5}},"28":{"start":{"line":67,"column":6},"end":{"line":67,"column":18}},"29":{"start":{"line":69,"column":4},"end":{"line":69,"column":17}},"30":{"start":{"line":72,"column":2},"end":{"line":72,"column":26}},"31":{"start":{"line":82,"column":34},"end":{"line":98,"column":1}},"32":{"start":{"line":83,"column":33},"end":{"line":95,"column":8}},"33":{"start":{"line":84,"column":29},"end":{"line":84,"column":70}},"34":{"start":{"line":85,"column":4},"end":{"line":85,"column":40}},"35":{"start":{"line":87,"column":32},"end":{"line":89,"column":5}},"36":{"start":{"line":88,"column":6},"end":{"line":88,"column":34}},"37":{"start":{"line":91,"column":4},"end":{"line":93,"column":5}},"38":{"start":{"line":92,"column":6},"end":{"line":92,"column":39}},"39":{"start":{"line":94,"column":4},"end":{"line":94,"column":21}},"40":{"start":{"line":97,"column":2},"end":{"line":97,"column":32}},"41":{"start":{"line":106,"column":34},"end":{"line":109,"column":1}},"42":{"start":{"line":107,"column":27},"end":{"line":107,"column":77}},"43":{"start":{"line":107,"column":62},"end":{"line":107,"column":75}},"44":{"start":{"line":108,"column":2},"end":{"line":108,"column":26}},"45":{"start":{"line":117,"column":23},"end":{"line":123,"column":1}},"46":{"start":{"line":118,"column":2},"end":{"line":121,"column":3}},"47":{"start":{"line":120,"column":4},"end":{"line":120,"column":16}},"48":{"start":{"line":122,"column":2},"end":{"line":122,"column":15}},"49":{"start":{"line":131,"column":34},"end":{"line":139,"column":1}},"50":{"start":{"line":132,"column":12},"end":{"line":132,"column":25}},"51":{"start":{"line":133,"column":2},"end":{"line":136,"column":3}},"52":{"start":{"line":134,"column":4},"end":{"line":134,"column":13}},"53":{"start":{"line":135,"column":4},"end":{"line":135,"column":51}},"54":{"start":{"line":135,"column":40},"end":{"line":135,"column":51}},"55":{"start":{"line":138,"column":2},"end":{"line":138,"column":15}},"56":{"start":{"line":177,"column":41},"end":{"line":208,"column":1}},"57":{"start":{"line":178,"column":30},"end":{"line":178,"column":32}},"58":{"start":{"line":180,"column":2},"end":{"line":205,"column":5}},"59":{"start":{"line":181,"column":14},"end":{"line":181,"column":15}},"60":{"start":{"line":182,"column":16},"end":{"line":182,"column":21}},"61":{"start":{"line":184,"column":4},"end":{"line":203,"column":5}},"62":{"start":{"line":185,"column":18},"end":{"line":185,"column":69}},"63":{"start":{"line":187,"column":6},"end":{"line":200,"column":7}},"64":{"start":{"line":189,"column":8},"end":{"line":189,"column":62}},"65":{"start":{"line":190,"column":8},"end":{"line":190,"column":43}},"66":{"start":{"line":191,"column":8},"end":{"line":191,"column":21}},"67":{"start":{"line":193,"column":27},"end":{"line":193,"column":56}},"68":{"start":{"line":194,"column":8},"end":{"line":199,"column":9}},"69":{"start":{"line":196,"column":10},"end":{"line":196,"column":76}},"70":{"start":{"line":197,"column":10},"end":{"line":197,"column":52}},"71":{"start":{"line":198,"column":10},"end":{"line":198,"column":23}},"72":{"start":{"line":202,"column":6},"end":{"line":202,"column":15}},"73":{"start":{"line":204,"column":4},"end":{"line":204,"column":17}},"74":{"start":{"line":207,"column":2},"end":{"line":207,"column":29}}},"fnMap":{"0":{"name":"(anonymous_0)","decl":{"start":{"line":10,"column":25},"end":{"line":10,"column":26}},"loc":{"start":{"line":10,"column":37},"end":{"line":30,"column":1}},"line":10},"1":{"name":"(anonymous_1)","decl":{"start":{"line":13,"column":17},"end":{"line":13,"column":18}},"loc":{"start":{"line":13,"column":28},"end":{"line":27,"column":3}},"line":13},"2":{"name":"(anonymous_2)","decl":{"start":{"line":37,"column":40},"end":{"line":37,"column":41}},"loc":{"start":{"line":37,"column":62},"end":{"line":53,"column":1}},"line":37},"3":{"name":"(anonymous_3)","decl":{"start":{"line":43,"column":23},"end":{"line":43,"column":24}},"loc":{"start":{"line":43,"column":38},"end":{"line":50,"column":3}},"line":43},"4":{"name":"(anonymous_4)","decl":{"start":{"line":44,"column":25},"end":{"line":44,"column":26}},"loc":{"start":{"line":44,"column":44},"end":{"line":49,"column":5}},"line":44},"5":{"name":"(anonymous_5)","decl":{"start":{"line":62,"column":28},"end":{"line":62,"column":29}},"loc":{"start":{"line":62,"column":47},"end":{"line":73,"column":1}},"line":62},"6":{"name":"(anonymous_6)","decl":{"start":{"line":63,"column":41},"end":{"line":63,"column":42}},"loc":{"start":{"line":63,"column":59},"end":{"line":63,"column":91}},"line":63},"7":{"name":"(anonymous_7)","decl":{"start":{"line":63,"column":100},"end":{"line":63,"column":101}},"loc":{"start":{"line":63,"column":118},"end":{"line":70,"column":3}},"line":63},"8":{"name":"(anonymous_8)","decl":{"start":{"line":82,"column":34},"end":{"line":82,"column":35}},"loc":{"start":{"line":82,"column":46},"end":{"line":98,"column":1}},"line":82},"9":{"name":"(anonymous_9)","decl":{"start":{"line":83,"column":47},"end":{"line":83,"column":48}},"loc":{"start":{"line":83,"column":83},"end":{"line":95,"column":3}},"line":83},"10":{"name":"(anonymous_10)","decl":{"start":{"line":87,"column":49},"end":{"line":87,"column":50}},"loc":{"start":{"line":88,"column":6},"end":{"line":88,"column":34}},"line":88},"11":{"name":"(anonymous_11)","decl":{"start":{"line":106,"column":34},"end":{"line":106,"column":35}},"loc":{"start":{"line":106,"column":46},"end":{"line":109,"column":1}},"line":106},"12":{"name":"(anonymous_12)","decl":{"start":{"line":107,"column":50},"end":{"line":107,"column":51}},"loc":{"start":{"line":107,"column":62},"end":{"line":107,"column":75}},"line":107},"13":{"name":"(anonymous_13)","decl":{"start":{"line":117,"column":23},"end":{"line":117,"column":24}},"loc":{"start":{"line":117,"column":43},"end":{"line":123,"column":1}},"line":117},"14":{"name":"(anonymous_14)","decl":{"start":{"line":131,"column":34},"end":{"line":131,"column":35}},"loc":{"start":{"line":131,"column":51},"end":{"line":139,"column":1}},"line":131},"15":{"name":"(anonymous_15)","decl":{"start":{"line":177,"column":41},"end":{"line":177,"column":42}},"loc":{"start":{"line":177,"column":53},"end":{"line":208,"column":1}},"line":177},"16":{"name":"(anonymous_16)","decl":{"start":{"line":180,"column":13},"end":{"line":180,"column":14}},"loc":{"start":{"line":180,"column":24},"end":{"line":205,"column":3}},"line":180}},"branchMap":{"0":{"loc":{"start":{"line":39,"column":16},"end":{"line":39,"column":77}},"type":"cond-expr","locations":[{"start":{"line":39,"column":44},"end":{"line":39,"column":47}},{"start":{"line":39,"column":51},"end":{"line":39,"column":76}}],"line":39},"1":{"loc":{"start":{"line":65,"column":4},"end":{"line":68,"column":5}},"type":"if","locations":[{"start":{"line":65,"column":4},"end":{"line":68,"column":5}},{"start":{"line":65,"column":4},"end":{"line":68,"column":5}}],"line":65},"2":{"loc":{"start":{"line":65,"column":8},"end":{"line":66,"column":59}},"type":"binary-expr","locations":[{"start":{"line":65,"column":8},"end":{"line":65,"column":59}},{"start":{"line":66,"column":8},"end":{"line":66,"column":59}}],"line":65},"3":{"loc":{"start":{"line":91,"column":4},"end":{"line":93,"column":5}},"type":"if","locations":[{"start":{"line":91,"column":4},"end":{"line":93,"column":5}},{"start":{"line":91,"column":4},"end":{"line":93,"column":5}}],"line":91},"4":{"loc":{"start":{"line":118,"column":2},"end":{"line":121,"column":3}},"type":"if","locations":[{"start":{"line":118,"column":2},"end":{"line":121,"column":3}},{"start":{"line":118,"column":2},"end":{"line":121,"column":3}}],"line":118},"5":{"loc":{"start":{"line":118,"column":6},"end":{"line":119,"column":50}},"type":"binary-expr","locations":[{"start":{"line":118,"column":6},"end":{"line":118,"column":52}},{"start":{"line":119,"column":4},"end":{"line":119,"column":50}}],"line":118},"6":{"loc":{"start":{"line":135,"column":4},"end":{"line":135,"column":51}},"type":"if","locations":[{"start":{"line":135,"column":4},"end":{"line":135,"column":51}},{"start":{"line":135,"column":4},"end":{"line":135,"column":51}}],"line":135},"7":{"loc":{"start":{"line":187,"column":6},"end":{"line":200,"column":7}},"type":"if","locations":[{"start":{"line":187,"column":6},"end":{"line":200,"column":7}},{"start":{"line":187,"column":6},"end":{"line":200,"column":7}}],"line":187},"8":{"loc":{"start":{"line":189,"column":33},"end":{"line":189,"column":61}},"type":"binary-expr","locations":[{"start":{"line":189,"column":33},"end":{"line":189,"column":55}},{"start":{"line":189,"column":59},"end":{"line":189,"column":61}}],"line":189},"9":{"loc":{"start":{"line":194,"column":8},"end":{"line":199,"column":9}},"type":"if","locations":[{"start":{"line":194,"column":8},"end":{"line":199,"column":9}},{"start":{"line":194,"column":8},"end":{"line":199,"column":9}}],"line":194},"10":{"loc":{"start":{"line":196,"column":41},"end":{"line":196,"column":75}},"type":"binary-expr","locations":[{"start":{"line":196,"column":41},"end":{"line":196,"column":69}},{"start":{"line":196,"column":73},"end":{"line":196,"column":75}}],"line":196}},"s":{"0":4,"1":4,"2":4,"3":31,"4":31,"5":31,"6":31,"7":31,"8":31,"9":31,"10":31,"11":31,"12":4,"13":4,"14":4,"15":4,"16":4,"17":4,"18":6,"19":12,"20":12,"21":12,"22":12,"23":4,"24":4,"25":35,"26":245,"27":210,"28":48,"29":162,"30":35,"31":4,"32":5,"33":35,"34":35,"35":35,"36":65,"37":35,"38":19,"39":35,"40":5,"41":4,"42":7,"43":10,"44":7,"45":4,"46":18,"47":15,"48":3,"49":4,"50":36,"51":36,"52":29,"53":29,"54":18,"55":18,"56":4,"57":9,"58":9,"59":21,"60":21,"61":21,"62":36,"63":36,"64":18,"65":18,"66":18,"67":18,"68":18,"69":3,"70":3,"71":3,"72":36,"73":21,"74":9},"f":{"0":4,"1":31,"2":4,"3":6,"4":12,"5":35,"6":245,"7":210,"8":5,"9":35,"10":65,"11":7,"12":10,"13":18,"14":36,"15":9,"16":21},"b":{"0":[1,3],"1":[48,162],"2":[210,129],"3":[19,16],"4":[15,3],"5":[18,18],"6":[18,11],"7":[18,18],"8":[18,9],"9":[3,15],"10":[3,3]},"_coverageSchema":"332fd63041d2c1bcb487cc26dd0d5f7d97098a6c","hash":"2c5e0ace643ed9435700e186508b24766e242a17"}
,"/Users/sandino/github/repos/dentalink-code-test/tests/setup.js": {"path":"/Users/sandino/github/repos/dentalink-code-test/tests/setup.js","statementMap":{"0":{"start":{"line":4,"column":0},"end":{"line":4,"column":45}}},"fnMap":{},"branchMap":{},"s":{"0":5},"f":{},"b":{},"_coverageSchema":"332fd63041d2c1bcb487cc26dd0d5f7d97098a6c","hash":"7e68b6d666013149c03ae5d53e0c2d86727987af"}
}
