TN:
SF:/Users/sandino/github/repos/dentalink-code-test/js/components/calendar.js
FN:7,(anonymous_0)
FNF:1
FNH:1
FNDA:1,(anonymous_0)
DA:7,1
DA:8,1
DA:9,1
DA:11,1
DA:38,1
LF:5
LH:5
BRF:0
BRH:0
end_of_record
TN:
SF:/Users/sandino/github/repos/dentalink-code-test/js/components/day.js
FN:7,(anonymous_0)
FN:12,(anonymous_1)
FNF:2
FNH:2
FNDA:1,(anonymous_0)
FNDA:3,(anonymous_1)
DA:7,2
DA:8,1
DA:9,1
DA:11,1
DA:13,3
DA:14,3
DA:19,2
LF:7
LH:7
BRF:0
BRH:0
end_of_record
TN:
SF:/Users/sandino/github/repos/dentalink-code-test/js/components/event.js
FN:5,(anonymous_0)
FNF:1
FNH:1
FNDA:1,(anonymous_0)
DA:5,4
DA:6,1
DA:7,1
DA:8,1
DA:10,1
DA:17,1
DA:25,4
LF:7
LH:7
BRF:0
BRH:0
end_of_record
TN:
SF:/Users/sandino/github/repos/dentalink-code-test/js/components/eventgroup.js
FN:6,(anonymous_0)
FN:11,(anonymous_1)
FNF:2
FNH:2
FNDA:1,(anonymous_0)
FNDA:5,(anonymous_1)
DA:6,3
DA:7,1
DA:8,1
DA:10,1
DA:12,5
DA:17,3
LF:6
LH:6
BRF:0
BRH:0
end_of_record
TN:
SF:/Users/sandino/github/repos/dentalink-code-test/js/lib/PropTypesValues.js
FNF:0
FNH:0
DA:4,4
LF:1
LH:1
BRF:0
BRH:0
end_of_record
TN:
SF:/Users/sandino/github/repos/dentalink-code-test/js/lib/variables.js
FNF:0
FNH:0
DA:2,4
LF:1
LH:1
BRF:0
BRH:0
end_of_record
TN:
SF:/Users/sandino/github/repos/dentalink-code-test/js/utils/calendar.js
FN:10,(anonymous_0)
FN:13,(anonymous_1)
FN:37,(anonymous_2)
FN:43,(anonymous_3)
FN:44,(anonymous_4)
FN:62,(anonymous_5)
FN:63,(anonymous_6)
FN:63,(anonymous_7)
FN:82,(anonymous_8)
FN:83,(anonymous_9)
FN:87,(anonymous_10)
FN:106,(anonymous_11)
FN:107,(anonymous_12)
FN:117,(anonymous_13)
FN:131,(anonymous_14)
FN:177,(anonymous_15)
FN:180,(anonymous_16)
FNF:17
FNH:17
FNDA:4,(anonymous_0)
FNDA:31,(anonymous_1)
FNDA:4,(anonymous_2)
FNDA:6,(anonymous_3)
FNDA:12,(anonymous_4)
FNDA:35,(anonymous_5)
FNDA:245,(anonymous_6)
FNDA:210,(anonymous_7)
FNDA:5,(anonymous_8)
FNDA:35,(anonymous_9)
FNDA:65,(anonymous_10)
FNDA:7,(anonymous_11)
FNDA:10,(anonymous_12)
FNDA:18,(anonymous_13)
FNDA:36,(anonymous_14)
FNDA:9,(anonymous_15)
FNDA:21,(anonymous_16)
DA:10,4
DA:11,4
DA:13,4
DA:14,31
DA:15,31
DA:17,31
DA:18,31
DA:19,31
DA:21,31
DA:23,31
DA:25,31
DA:26,31
DA:29,4
DA:37,4
DA:38,4
DA:39,4
DA:41,4
DA:43,4
DA:44,6
DA:45,12
DA:46,12
DA:47,12
DA:48,12
DA:52,4
DA:62,4
DA:63,245
DA:65,210
DA:67,48
DA:69,162
DA:72,35
DA:82,4
DA:83,5
DA:84,35
DA:85,35
DA:87,35
DA:88,65
DA:91,35
DA:92,19
DA:94,35
DA:97,5
DA:106,4
DA:107,10
DA:108,7
DA:117,4
DA:118,18
DA:120,15
DA:122,3
DA:131,4
DA:132,36
DA:133,36
DA:134,29
DA:135,29
DA:138,18
DA:177,4
DA:178,9
DA:180,9
DA:181,21
DA:182,21
DA:184,21
DA:185,36
DA:187,36
DA:189,18
DA:190,18
DA:191,18
DA:193,18
DA:194,18
DA:196,3
DA:197,3
DA:198,3
DA:202,36
DA:204,21
DA:207,9
LF:72
LH:72
BRDA:39,0,0,1
BRDA:39,0,1,3
BRDA:65,1,0,48
BRDA:65,1,1,162
BRDA:65,2,0,210
BRDA:65,2,1,129
BRDA:91,3,0,19
BRDA:91,3,1,16
BRDA:118,4,0,15
BRDA:118,4,1,3
BRDA:118,5,0,18
BRDA:118,5,1,18
BRDA:135,6,0,18
BRDA:135,6,1,11
BRDA:187,7,0,18
BRDA:187,7,1,18
BRDA:189,8,0,18
BRDA:189,8,1,9
BRDA:194,9,0,3
BRDA:194,9,1,15
BRDA:196,10,0,3
BRDA:196,10,1,3
BRF:22
BRH:22
end_of_record
TN:
SF:/Users/sandino/github/repos/dentalink-code-test/tests/setup.js
FNF:0
FNH:0
DA:4,5
LF:1
LH:1
BRF:0
BRH:0
end_of_record
